简化打包 - MSVC 版本... 
======================================== 
开始时间: 2025/11/07/周五 13:02:33.98 
======================================== 
 
1. 清理目录... 
✓ 目录清理完成 
2. 检查主程序... 
✓ 找到 War3Launcher.exe 
3. 复制主程序和资源... 
✓ 文件复制完成 
处理日志目录... 
✓ 已清空构建目录中的日志文件夹 
✓ 日志目录复制完成: D:\Qt_\War3Launcher\build\Desktop_Qt_5_15_2_MSVC2019_32bit-Release\logs → D:\Qt_\War3Launcher\deploy\msvc\logs 
✓ 目录清理完成 
4. 使用 windeployqt 自动部署依赖... 
执行: windeployqt --qmldir "D:\Qt_\War3Launcher" --dir "D:\Qt_\War3Launcher\deploy\msvc" "D:\Qt_\War3Launcher\deploy\msvc\War3Launcher.exe" 
✓ windeployqt 部署完成 
5. 创建安装包结构... 
✓ 安装包结构创建完成 
6. 复制文件到安装包... 
✓ 文件复制到安装包完成 
7. 复制安装程序资源文件... 
✓ 复制 installer-background.png 
✓ 复制 installer-banner.png 
✓ 复制 installer-icon.ico 
✓ 复制 installer-logo.png 
8. 验证关键文件... 
✓ War3Launcher.exe 存在 
✓ hook.dll 存在 
✓ load.dll 存在 
✓ Qt5Core.dll 存在 
✓ Qt5Quick.dll 存在 
9. 创建配置文件... 
✓ 配置文件创建完成 
10. 生成安装程序... 
