简化打包 - MinGW 版本... 
======================================== 
开始时间: 2025/11/10/周一 16:04:59.91 
======================================== 
 
1. 清理目录... 
✓ 目录清理完成 
2. 检查主程序... 
✓ 找到 War3Launcher.exe 
3. 复制主程序和资源... 
✓ 文件复制完成 
处理日志目录... 
✓ 已清空构建目录中的日志文件夹 
✓ 日志目录复制完成: D:\Qt_\War3Launcher\build\Desktop_Qt_5_15_2_MinGW_32_bit-Release\logs → D:\Qt_\War3Launcher\deploy\mingw\logs 
✓ 目录清理完成 
4. 复制 MinGW 运行时 DLL... 
✓ 复制 libgcc_s_dw2-1.dll 
✓ 复制 libstdc++-6.dll 
✓ 复制 libwinpthread-1.dll 
5. 使用 windeployqt 自动部署依赖... 
执行: windeployqt --qmldir "D:\Qt_\War3Launcher" --dir "D:\Qt_\War3Launcher\deploy\mingw" "D:\Qt_\War3Launcher\deploy\mingw\War3Launcher.exe" 
✓ windeployqt 部署完成 
6. 创建安装包结构... 
✓ 安装包结构创建完成 
7. 复制文件到安装包... 
✓ 文件复制到安装包完成 
8. 复制安装程序资源文件... 
✓ 复制 installer-background.png 
✓ 复制 installer-banner.png 
✓ 复制 installer-icon.ico 
✓ 复制 installer-logo.png 
9. 验证关键文件... 
✓ War3Launcher.exe 存在 
✓ libgcc_s_dw2-1.dll 存在 
✓ libstdc++-6.dll 存在 
✓ libwinpthread-1.dll 存在 
✓ Qt5Core.dll 存在 
✓ Qt5Quick.dll 存在 
10. 创建配置文件... 
✓ 配置文件创建完成 
11. 生成安装程序... 
